%!Adobe-FontList 1.14
%Locale:0x409

%BeginFont
Handler:DirectoryHandler
FontType:Type1
FontName:FiraSans-Book
FamilyName:Fira Sans
StyleName:Book
MenuName:Fira Sans Book
StyleBits:0
WeightClass:350
WidthClass:5
AngleClass:0
FullName:Fira Sans Book
WritingScript:Roman
OutlineFileName:\FiraSans-Book.otf
DataFormat:sfntData
UsesStandardEncoding:yes
isCFF:yes
FileLength:152884
FileModTime:1401356600
%EndFont

%BeginFont
Handler:DirectoryHandler
FontType:Type1
FontName:MinionPro-Regular
FamilyName:Minion Pro
StyleName:Regular
MenuName:Minion Pro
StyleBits:0
WeightClass:400
WidthClass:5
AngleClass:0
FullName:Minion Pro
WritingScript:Roman
OutlineFileName:\MinionPro-Regular.otf
DataFormat:sfntData
UsesStandardEncoding:yes
isCFF:yes
FileLength:217280
FileModTime:1349881826
DesignSize:110
%EndFont

